0 info it worked if it ends with ok
1 verbose cli [ '/usr/local/bin/node',
1 verbose cli   '/usr/local/bin/npm',
1 verbose cli   'run',
1 verbose cli   'start:prod' ]
2 info using npm@4.1.2
3 info using node@v7.7.2
4 verbose run-script [ 'prestart:prod', 'start:prod', 'poststart:prod' ]
5 info lifecycle actio@0.0.0~prestart:prod: actio@0.0.0
6 silly lifecycle actio@0.0.0~prestart:prod: no script for prestart:prod, continuing
7 info lifecycle actio@0.0.0~start:prod: actio@0.0.0
8 verbose lifecycle actio@0.0.0~start:prod: unsafe-perm in lifecycle true
9 verbose lifecycle actio@0.0.0~start:prod: PATH: /usr/local/lib/node_modules/npm/bin/node-gyp-bin:/Users/sean/workspace/q3/another_q3_project/operation_galileo/node_modules/.bin:/Library/Frameworks/Python.framework/Versions/3.5/bin:/usr/local/bin:/usr/bin:/bin:/usr/sbin:/sbin:/usr/local/MacGPG2/bin:/Users/sean/.rvm/bin:/usr/local/go/bin
10 verbose lifecycle actio@0.0.0~start:prod: CWD: /Users/sean/workspace/q3/another_q3_project/operation_galileo
11 silly lifecycle actio@0.0.0~start:prod: Args: [ '-c', 'webpack && node ./bin/www' ]
12 silly lifecycle actio@0.0.0~start:prod: Returned: code: 1  signal: null
13 info lifecycle actio@0.0.0~start:prod: Failed to exec start:prod script
14 verbose stack Error: actio@0.0.0 start:prod: `webpack && node ./bin/www`
14 verbose stack Exit status 1
14 verbose stack     at EventEmitter.<anonymous> (/usr/local/lib/node_modules/npm/lib/utils/lifecycle.js:279:16)
14 verbose stack     at emitTwo (events.js:106:13)
14 verbose stack     at EventEmitter.emit (events.js:194:7)
14 verbose stack     at ChildProcess.<anonymous> (/usr/local/lib/node_modules/npm/lib/utils/spawn.js:40:14)
14 verbose stack     at emitTwo (events.js:106:13)
14 verbose stack     at ChildProcess.emit (events.js:194:7)
14 verbose stack     at maybeClose (internal/child_process.js:899:16)
14 verbose stack     at Process.ChildProcess._handle.onexit (internal/child_process.js:226:5)
15 verbose pkgid actio@0.0.0
16 verbose cwd /Users/sean/workspace/q3/another_q3_project/operation_galileo
17 error Darwin 16.4.0
18 error argv "/usr/local/bin/node" "/usr/local/bin/npm" "run" "start:prod"
19 error node v7.7.2
20 error npm  v4.1.2
21 error code ELIFECYCLE
22 error actio@0.0.0 start:prod: `webpack && node ./bin/www`
22 error Exit status 1
23 error Failed at the actio@0.0.0 start:prod script 'webpack && node ./bin/www'.
23 error Make sure you have the latest version of node.js and npm installed.
23 error If you do, this is most likely a problem with the actio package,
23 error not with npm itself.
23 error Tell the author that this fails on your system:
23 error     webpack && node ./bin/www
23 error You can get information on how to open an issue for this project with:
23 error     npm bugs actio
23 error Or if that isn't available, you can get their info via:
23 error     npm owner ls actio
23 error There is likely additional logging output above.
24 verbose exit [ 1, true ]
